<?xml version="1.0" encoding="UTF-8"?>
<!-- Generated by org.testng.reporters.JUnitReportReporter -->
<testsuite name="HomePage.base" tests="1" time="21.865" ignored="0" failures="0" timestamp="11 Apr 2019 17:55:10 GMT" skipped="0" hostname="DESKTOP-OTFAGLF" errors="0">
  <testcase name="setBrowser" time="21.865" classname="HomePage.base"/>
</testsuite> <!-- HomePage.base -->
