<?xml version="1.0" encoding="UTF-8"?>
<!-- Generated by org.testng.reporters.JUnitReportReporter -->
<testsuite name="HomePage.validateHomePage" tests="1" time="0.083" ignored="0" failures="0" timestamp="15 Apr 2019 08:09:03 GMT" skipped="0" hostname="DESKTOP-OTFAGLF" errors="0">
  <testcase name="validatehome" time="0.083" classname="HomePage.validateHomePage"/>
</testsuite> <!-- HomePage.validateHomePage -->
