<?xml version="1.0" encoding="UTF-8"?>
<!-- Generated by org.testng.reporters.JUnitReportReporter -->
<testsuite name="HomePage.LoginPage" tests="3" time="8.509" ignored="0" failures="0" timestamp="15 Apr 2019 10:06:32 GMT" skipped="0" hostname="DESKTOP-OTFAGLF" errors="0">
  <testcase name="zclickLinkText" time="8.014" classname="HomePage.LoginPage"/>
  <testcase name="AsignIn" time="0.199" classname="HomePage.LoginPage"/>
  <testcase name="AsignIn" time="0.296" classname="HomePage.LoginPage"/>
</testsuite> <!-- HomePage.LoginPage -->
