<?xml version="1.0" encoding="UTF-8"?>
<!-- Generated by org.testng.reporters.JUnitReportReporter -->
<testsuite name="HomePage.LoginPage" tests="3" time="8.361" ignored="0" failures="0" timestamp="16 Apr 2019 13:32:05 GMT" skipped="0" hostname="DESKTOP-OTFAGLF" errors="0">
  <testcase name="zclickLinkText" time="7.844" classname="HomePage.LoginPage"/>
  <testcase name="AsignIn" time="0.302" classname="HomePage.LoginPage"/>
  <testcase name="AsignIn" time="0.215" classname="HomePage.LoginPage"/>
</testsuite> <!-- HomePage.LoginPage -->
